<?xml version="1.0" encoding="UTF-8"?>
<testng-results ignored="0" total="1" passed="1" failed="0" skipped="0">
  <reporter-output>
  </reporter-output>
  <suite started-at="2023-11-17T20:00:30 PST" name="Default suite" finished-at="2023-11-17T20:00:33 PST" duration-ms="2851">
    <groups>
    </groups>
    <test started-at="2023-11-17T20:00:30 PST" name="Default test" finished-at="2023-11-17T20:00:33 PST" duration-ms="2851">
      <class name="com.Api23testing.SimpleApi">
        <test-method signature="getRequestActivity()[pri:0, instance:com.Api23testing.SimpleApi@57c758ac]" started-at="2023-11-17T20:00:30 PST" name="getRequestActivity" finished-at="2023-11-17T20:00:33 PST" duration-ms="2813" status="PASS">
          <reporter-output>
          </reporter-output>
        </test-method> <!-- getRequestActivity -->
      </class> <!-- com.Api23testing.SimpleApi -->
    </test> <!-- Default test -->
  </suite> <!-- Default suite -->
</testng-results>
